#
# A fatal error has been detected by the Java Runtime Environment:
#
#  EXCEPTION_ACCESS_VIOLATION (0xc0000005) at pc=0x00007ffdb35dd65a, pid=7508, tid=8060
#
# JRE version: Java(TM) SE Runtime Environment (17.0.2+8) (build 17.0.2+8-LTS-86)
# Java VM: Java HotSpot(TM) 64-Bit Server VM (17.0.2+8-LTS-86, mixed mode, sharing, tiered, compressed oops, compressed class ptrs, g1 gc, windows-amd64)
# Problematic frame:
# V  [jvm.dll+0x73d65a]
#
# No core dump will be written. Minidumps are not enabled by default on client versions of Windows
#
# If you would like to submit a bug report, please visit:
#   https://bugreport.java.com/bugreport/crash.jsp
#

---------------  S U M M A R Y ------------

Command Line: -XX:+ShowCodeDetailsInExceptionMessages -agentlib:jdwp=transport=dt_socket,suspend=y,address=localhost:54407 -javaagent:C:\Users\jailt\eclipse\jee-2021-12\eclipse\configuration\org.eclipse.osgi\421\0\.cp\lib\javaagent-shaded.jar -Dfile.encoding=UTF-8 com.projeto.sistemafarmacia.Main

Host: AMD Ryzen 3 3200G with Radeon Vega Graphics    , 4 cores, 13G,  Windows 10 , 64 bit Build 19041 (10.0.19041.1503)
Time: Wed Mar  2 20:08:48 2022 Hora oficial do Brasil elapsed time: 104.085249 seconds (0d 0h 1m 44s)

---------------  T H R E A D  ---------------

Current thread (0x000001f796d295c0):  JavaThread "JDWP Transport Listener: dt_socket" daemon [_thread_in_vm, id=8060, stack(0x0000001787b00000,0x0000001787c00000)]

Stack: [0x0000001787b00000,0x0000001787c00000],  sp=0x0000001787bff3b0,  free space=1020k
Native frames: (J=compiled Java code, j=interpreted, Vv=VM code, C=native code)
V  [jvm.dll+0x73d65a]
V  [jvm.dll+0x504e0c]
V  [jvm.dll+0x4d0634]
C  [jdwp.dll+0x22e9f]


siginfo: EXCEPTION_ACCESS_VIOLATION (0xc0000005), reading address 0x00000000020f024d


Register to memory mapping:

RIP=0x00007ffdb35dd65a jvm.dll
RAX=0x0000000000000257 is an unknown value
RBX=0x000001f79612c6c7 points into unknown readable memory: 3b
RCX=0x00000000020f0249 is an unknown value
RDX=0x000001f79dc23590 points into unknown readable memory: 0x6f72702f6d6f634c | 4c 63 6f 6d 2f 70 72 6f
RSP=0x0000001787bff3b0 is pointing into the stack for thread: 0x000001f796d295c0
RBP=0x000001f796d0d2d0 points into unknown readable memory: 0x000001f700000002 | 02 00 00 00 f7 01 00 00
RSI=0x0 is NULL
RDI=0xffffffffffffffff is an unknown value
R8 =0x00000000000003f2 is an unknown value
R9 =0x0000000000000040 is an unknown value
R10=0x00000000000003c0 is an unknown value
R11=0x0000001787bff3d0 is pointing into the stack for thread: 0x000001f796d295c0
R12=0x0000001787bff508 is pointing into the stack for thread: 0x000001f796d295c0
R13=0x0 is NULL
R14=0x0000000800faa830 is a pointer to class: 
com.projeto.sistemafarmacia.controllers.LancamentoDeVendasController {0x0000000800faa838}
 - instance size:     21
 - klass size:        100
 - access:            public synchronized 
 - state:             fully_initialized
 - name:              'com/projeto/sistemafarmacia/controllers/LancamentoDeVendasController'
 - super:             'java/lang/Object'
 - sub:               
 - arrays:            NULL
 - methods:           Array<T>(0x000001f7a87a7ef8)
 - method ordering:   Array<T>(0x000001f7a87e2a10)
 - default_methods:   Array<T>(0x0000000000000000)
 - local interfaces:  Array<T>(0x000001f7a84f94c8)
 - trans. interfaces: Array<T>(0x000001f7a84f94c8)
 - constants:         constant pool [609] {0x000001f7a87e57f0} for 'com/projeto/sistemafarmacia/controllers/LancamentoDeVendasController' cache=0x000001f7a87e6cb0
 - class loader data:  loader data: 0x000001f79617ba50 for instance a 'jdk/internal/loader/ClassLoaders$AppClassLoader'{0x0000000721075dd0}
 - source file:       'LancamentoDeVendasController.java'
 - source debug extension:       SMAP
LancamentoDeVendasController.java
Java
*S jdt
*F
1 LancamentoDeVendasController.java
2 file:/C:/Users/jailt/Documents/GitHub/MeusProjetos/Sistema-De-Vendas-Farmacia/sistemafarmacia/target/classes/
*L
*E

 - class annotations:       Array<T>(0x0000000000000000)
 - class type annotations:  Array<T>(0x0000000000000000)
 - field annotations:       Array<T>(0x000001f7a87df918)
 - field type annotations:  Array<T>(0x0000000000000000)
 - previous version:  constant pool [609] {0x000001f7a84f8008} for 'com/projeto/sistemafarmacia/controllers/LancamentoDeVendasController' (extra) cache=0x000001f7a84fb650
 - generic signature: '
[error occurred during error reporting (printing register info), id 0xc0000005, EXCEPTION_ACCESS_VIOLATION (0xc0000005) at pc=0x00007ffdb35de266]

Registers:
RAX=0x0000000000000257, RBX=0x000001f79612c6c7, RCX=0x00000000020f0249, RDX=0x000001f79dc23590
RSP=0x0000001787bff3b0, RBP=0x000001f796d0d2d0, RSI=0x0000000000000000, RDI=0xffffffffffffffff
R8 =0x00000000000003f2, R9 =0x0000000000000040, R10=0x00000000000003c0, R11=0x0000001787bff3d0
R12=0x0000001787bff508, R13=0x0000000000000000, R14=0x0000000800faa830, R15=0x0000001787bff558
RIP=0x00007ffdb35dd65a, EFLAGS=0x0000000000010202

Top of Stack: (sp=0x0000001787bff3b0)
0x0000001787bff3b0:   0000000000000044 0000000800faa830
0x0000001787bff3c0:   000001f796d295c0 0000000000000000
0x0000001787bff3d0:   ffffffffffffffff 00007ffdb33a4e0c
0x0000001787bff3e0:   000001f79612c6c7 000001f79612c680
0x0000001787bff3f0:   000001f796d0d2d0 000001f79e46e490
0x0000001787bff400:   000001f79612c620 00000000000003d8
0x0000001787bff410:   000001f79612c630 000001f79612ca08
0x0000001787bff420:   0000000000000002 0000001787bff508
0x0000001787bff430:   0000000000000000 0000000000000000
0x0000001787bff440:   0000000721e05948 00007ffdb3370634
0x0000001787bff450:   000001f796d295c0 0000001787bff558
0x0000001787bff460:   000001f7f2dbef40 0000001787bff558
0x0000001787bff470:   000001f796d295c0 0000000000000000
0x0000001787bff480:   000001f700000000 0000000000000000
0x0000001787bff490:   000000000000000d 00007ffde7a62e9f
0x0000001787bff4a0:   0000001787bff550 00007ffde7a71830 

Instructions: (pc=0x00007ffdb35dd65a)
0x00007ffdb35dd55a:   48 83 c4 20 5f e9 8c 75 96 ff cc cc cc cc cc cc
0x00007ffdb35dd56a:   cc cc cc cc cc cc 48 89 5c 24 08 57 48 83 ec 20
0x00007ffdb35dd57a:   83 fa 02 8d 42 06 b9 08 00 00 00 49 8b d8 0f 4e
0x00007ffdb35dd58a:   c1 48 63 c8 48 83 c1 07 83 e1 f8 48 63 f9 49 8b
0x00007ffdb35dd59a:   48 18 48 8b c7 48 f7 d0 48 3b c1 73 16 4c 8d 05
0x00007ffdb35dd5aa:   9a 52 17 00 48 8b d7 48 8b cb e8 97 d8 96 ff 48
0x00007ffdb35dd5ba:   8b 4b 18 48 8d 04 39 48 3b 43 20 76 18 45 33 c0
0x00007ffdb35dd5ca:   48 8b d7 48 8b cb 48 8b 5c 24 30 48 83 c4 20 5f
0x00007ffdb35dd5da:   e9 f1 d4 96 ff 48 89 43 18 48 8b c1 48 8b 5c 24
0x00007ffdb35dd5ea:   30 48 83 c4 20 5f c3 cc cc cc cc cc cc cc cc cc
0x00007ffdb35dd5fa:   cc cc cc cc cc cc 4c 8b d2 4c 8b d9 45 85 c0 7e
0x00007ffdb35dd60a:   3c 44 0f b7 49 04 41 8d 40 ff 41 3b c1 44 0f 4c
0x00007ffdb35dd61a:   c8 4d 63 c1 45 85 c9 7e 1f 48 8b c2 4c 2b da 49
0x00007ffdb35dd62a:   8b d0 0f 1f 40 00 41 0f b6 4c 03 06 88 08 48 8d
0x00007ffdb35dd63a:   40 01 48 83 ea 01 75 ee 43 c6 04 10 00 49 8b c2
0x00007ffdb35dd64a:   c3 cc cc cc cc cc 48 89 5c 24 08 57 48 83 ec 20
0x00007ffdb35dd65a:   0f b7 59 04 48 8b f9 33 d2 48 8d 4b 01 e8 44 96
0x00007ffdb35dd66a:   f8 ff 0f b7 57 04 4c 8b c0 3b da 0f 42 d3 44 8b
0x00007ffdb35dd67a:   ca 85 d2 74 39 48 2b f8 0f 1f 40 00 66 66 0f 1f
0x00007ffdb35dd68a:   84 00 00 00 00 00 0f b6 4c 07 06 88 08 48 ff c0
0x00007ffdb35dd69a:   48 8b c8 49 2b c8 49 3b c9 7c eb 42 c6 04 02 00
0x00007ffdb35dd6aa:   49 8b c0 48 8b 5c 24 30 48 83 c4 20 5f c3 48 8b
0x00007ffdb35dd6ba:   5c 24 30 c6 04 02 00 48 83 c4 20 5f c3 cc cc cc
0x00007ffdb35dd6ca:   cc cc cc cc cc cc 4c 8b d1 45 85 c0 7e 6c 44 0f
0x00007ffdb35dd6da:   b7 49 04 41 8d 40 ff 41 3b c1 44 0f 4c c8 4d 63
0x00007ffdb35dd6ea:   d9 45 85 c9 7e 22 48 8b ca 4c 2b d2 4d 8b c3 0f
0x00007ffdb35dd6fa:   1f 80 00 00 00 00 41 0f b6 44 0a 06 88 01 48 8d
0x00007ffdb35dd70a:   49 01 49 83 e8 01 75 ee 41 c6 04 13 00 48 c7 c0
0x00007ffdb35dd71a:   ff ff ff ff 66 90 48 ff c0 80 3c 02 00 75 f7 48
0x00007ffdb35dd72a:   63 c8 85 c0 48 8b c2 7e 14 80 38 2f 75 03 c6 00
0x00007ffdb35dd73a:   2e 48 ff c0 48 83 e9 01 75 ef 48 8b c2 c3 cc cc
0x00007ffdb35dd74a:   cc cc cc cc cc cc 48 83 ec 28 e8 f7 fe ff ff 4c 


Stack slot to memory mapping:
stack at sp + 0 slots: 0x0000000000000044 is an unknown value
stack at sp + 1 slots: 0x0000000800faa830 is a pointer to class: 
com.projeto.sistemafarmacia.controllers.LancamentoDeVendasController {0x0000000800faa838}
 - instance size:     21
 - klass size:        100
 - access:            public synchronized 
 - state:             fully_initialized
 - name:              'com/projeto/sistemafarmacia/controllers/LancamentoDeVendasController'
 - super:             'java/lang/Object'
 - sub:               
 - arrays:            NULL
 - methods:           Array<T>(0x000001f7a87a7ef8)
 - method ordering:   Array<T>(0x000001f7a87e2a10)
 - default_methods:   Array<T>(0x0000000000000000)
 - local interfaces:  Array<T>(0x000001f7a84f94c8)
 - trans. interfaces: Array<T>(0x000001f7a84f94c8)
 - constants:         constant pool [609] {0x000001f7a87e57f0} for 'com/projeto/sistemafarmacia/controllers/LancamentoDeVendasController' cache=0x000001f7a87e6cb0
 - class loader data:  loader data: 0x000001f79617ba50 for instance a 'jdk/internal/loader/ClassLoaders$AppClassLoader'{0x0000000721075dd0}
 - source file:       'LancamentoDeVendasController.java'
 - source debug extension:       SMAP
LancamentoDeVendasController.java
Java
*S jdt
*F
1 LancamentoDeVendasController.java
2 file:/C:/Users/jailt/Documents/GitHub/MeusProjetos/Sistema-De-Vendas-Farmacia/sistemafarmacia/target/classes/
*L
*E

 - class annotations:       Array<T>(0x0000000000000000)
 - class type annotations:  Array<T>(0x0000000000000000)
 - field annotations:       Array<T>(0x000001f7a87df918)
 - field type annotations:  Array<T>(0x0000000000000000)
 - previous version:  constant pool [609] {0x000001f7a84f8008} for 'com/projeto/sistemafarmacia/controllers/LancamentoDeVendasController' (extra) cache=0x000001f7a84fb650
 - generic signature: '
[error occurred during error reporting (inspecting top of stack), id 0xc0000005, EXCEPTION_ACCESS_VIOLATION (0xc0000005) at pc=0x00007ffdb35de266]


---------------  P R O C E S S  ---------------

Threads class SMR info:
_java_thread_list=0x000001f7a0bf2160, length=26, elements={
0x000001f7f4e95fb0, 0x000001f7960ed980, 0x000001f7960ee700, 0x000001f7960fbec0,
0x000001f7960ff7a0, 0x000001f796100060, 0x000001f796100920, 0x000001f7961015c0,
0x000001f79616b7b0, 0x000001f796c08070, 0x000001f7960d61f0, 0x000001f796d295c0,
0x000001f796d19cb0, 0x000001f796d1a1a0, 0x000001f796f6e040, 0x000001f796ecb8c0,
0x000001f79776a7b0, 0x000001f79782ed10, 0x000001f79782f1e0, 0x000001f7979f3050,
0x000001f797a1d970, 0x000001f797a1b7c0, 0x000001f797a1cb00, 0x000001f797a1c630,
0x000001f797a1ae20, 0x000001f7a16d8300
}

Java Threads: ( => current thread )
  0x000001f7f4e95fb0 JavaThread "main" [_thread_blocked, id=6300, stack(0x0000001786a00000,0x0000001786b00000)]
  0x000001f7960ed980 JavaThread "Reference Handler" daemon [_thread_blocked, id=11216, stack(0x0000001787100000,0x0000001787200000)]
  0x000001f7960ee700 JavaThread "Finalizer" daemon [_thread_blocked, id=12756, stack(0x0000001787200000,0x0000001787300000)]
  0x000001f7960fbec0 JavaThread "Signal Dispatcher" daemon [_thread_blocked, id=4996, stack(0x0000001787300000,0x0000001787400000)]
  0x000001f7960ff7a0 JavaThread "Attach Listener" daemon [_thread_blocked, id=11040, stack(0x0000001787400000,0x0000001787500000)]
  0x000001f796100060 JavaThread "Service Thread" daemon [_thread_blocked, id=6652, stack(0x0000001787500000,0x0000001787600000)]
  0x000001f796100920 JavaThread "Monitor Deflation Thread" daemon [_thread_blocked, id=13068, stack(0x0000001787600000,0x0000001787700000)]
  0x000001f7961015c0 JavaThread "C2 CompilerThread0" daemon [_thread_blocked, id=5948, stack(0x0000001787700000,0x0000001787800000)]
  0x000001f79616b7b0 JavaThread "C1 CompilerThread0" daemon [_thread_blocked, id=11304, stack(0x0000001787800000,0x0000001787900000)]
  0x000001f796c08070 JavaThread "Sweeper thread" daemon [_thread_blocked, id=9220, stack(0x0000001787900000,0x0000001787a00000)]
  0x000001f7960d61f0 JavaThread "Common-Cleaner" daemon [_thread_blocked, id=5904, stack(0x0000001787a00000,0x0000001787b00000)]
=>0x000001f796d295c0 JavaThread "JDWP Transport Listener: dt_socket" daemon [_thread_in_vm, id=8060, stack(0x0000001787b00000,0x0000001787c00000)]
  0x000001f796d19cb0 JavaThread "JDWP Event Helper Thread" daemon [_thread_blocked, id=2300, stack(0x0000001787c00000,0x0000001787d00000)]
  0x000001f796d1a1a0 JavaThread "JDWP Command Reader" daemon [_thread_in_native, id=9456, stack(0x0000001787d00000,0x0000001787e00000)]
  0x000001f796f6e040 JavaThread "Notification Thread" daemon [_thread_blocked, id=9712, stack(0x0000001787e00000,0x0000001787f00000)]
  0x000001f796ecb8c0 JavaThread "JavaFX-Launcher" [_thread_blocked, id=13292, stack(0x0000001788000000,0x0000001788100000)]
  0x000001f79776a7b0 JavaThread "QuantumRenderer-0" daemon [_thread_blocked, id=11160, stack(0x0000001788400000,0x0000001788500000)]
  0x000001f79782ed10 JavaThread "InvokeLaterDispatcher" daemon [_thread_blocked, id=1052, stack(0x0000001788700000,0x0000001788800000)]
  0x000001f79782f1e0 JavaThread "JavaFX Application Thread" [_thread_blocked, id=11208, stack(0x0000001788800000,0x0000001788900000)]
  0x000001f7979f3050 JavaThread "Thread-2" daemon [_thread_in_native, id=10148, stack(0x0000001788f00000,0x0000001789000000)]
  0x000001f797a1d970 JavaThread "Prism Font Disposer" daemon [_thread_blocked, id=1908, stack(0x0000001789200000,0x0000001789300000)]
  0x000001f797a1b7c0 JavaThread "Cleaner-0" daemon [_thread_blocked, id=3712, stack(0x0000001789300000,0x0000001789400000)]
  0x000001f797a1cb00 JavaThread "mysql-cj-abandoned-connection-cleanup" daemon [_thread_blocked, id=2932, stack(0x0000001789700000,0x0000001789800000)]
  0x000001f797a1c630 JavaThread "Java2D Disposer" daemon [_thread_blocked, id=12184, stack(0x0000001789900000,0x0000001789a00000)]
  0x000001f797a1ae20 JavaThread "AWT-Windows" daemon [_thread_in_native, id=9476, stack(0x0000001789b00000,0x0000001789c00000)]
  0x000001f7a16d8300 JavaThread "D3D Screen Updater" daemon [_thread_blocked, id=12632, stack(0x000000178a300000,0x000000178a400000)]

Other Threads:
  0x000001f7960e8d80 VMThread "VM Thread" [stack: 0x0000001787000000,0x0000001787100000] [id=936]
  0x000001f7f4ef5830 WatcherThread [stack: 0x0000001787f00000,0x0000001788000000] [id=9180]
  0x000001f7f4edebe0 GCTaskThread "GC Thread#0" [stack: 0x0000001786b00000,0x0000001786c00000] [id=12900]
  0x000001f79758c040 GCTaskThread "GC Thread#1" [stack: 0x0000001788100000,0x0000001788200000] [id=11036]
  0x000001f79758c2f0 GCTaskThread "GC Thread#2" [stack: 0x0000001788200000,0x0000001788300000] [id=12596]
  0x000001f79758c5a0 GCTaskThread "GC Thread#3" [stack: 0x0000001788300000,0x0000001788400000] [id=1028]
  0x000001f7f2e9d750 ConcurrentGCThread "G1 Main Marker" [stack: 0x0000001786c00000,0x0000001786d00000] [id=8344]
  0x000001f7f2e9e070 ConcurrentGCThread "G1 Conc#0" [stack: 0x0000001786d00000,0x0000001786e00000] [id=9192]
  0x000001f795fa40b0 ConcurrentGCThread "G1 Refine#0" [stack: 0x0000001786e00000,0x0000001786f00000] [id=6180]
  0x000001f795fa49e0 ConcurrentGCThread "G1 Service" [stack: 0x0000001786f00000,0x0000001787000000] [id=7456]

Threads with active compile tasks:

VM state: not at safepoint (normal execution)

VM Mutex/Monitor currently owned by a thread: None

Heap address: 0x0000000721000000, size: 3568 MB, Compressed Oops mode: Zero based, Oop shift amount: 3

CDS archive(s) mapped at: [0x0000000800000000-0x0000000800bc0000-0x0000000800bc0000), size 12320768, SharedBaseAddress: 0x0000000800000000, ArchiveRelocationMode: 0.
Compressed class space mapped at: 0x0000000800c00000-0x0000000840c00000, reserved size: 1073741824
Narrow klass base: 0x0000000800000000, Narrow klass shift: 0, Narrow klass range: 0x100000000

GC Precious Log:
 CPUs: 4 total, 4 available
 Memory: 14267M
 Large Page Support: Disabled
 NUMA Support: Disabled
 Compressed Oops: Enabled (Zero based)
 Heap Region Size: 2M
 Heap Min Capacity: 8M
 Heap Initial Capacity: 224M
 Heap Max Capacity: 3568M
 Pre-touch: Disabled
 Parallel Workers: 4
 Concurrent Workers: 1
 Concurrent Refinement Workers: 4
 Periodic GC: Disabled

Heap:
 garbage-first heap   total 61440K, used 30667K [0x0000000721000000, 0x0000000800000000)
  region size 2048K, 8 young (16384K), 2 survivors (4096K)
 Metaspace       used 32521K, committed 32832K, reserved 1081344K
  class space    used 4242K, committed 4416K, reserved 1048576K

Heap Regions: E=young(eden), S=young(survivor), O=old, HS=humongous(starts), HC=humongous(continues), CS=collection set, F=free, OA=open archive, CA=closed archive, TAMS=top-at-mark-start (previous, next)
|   0|0x0000000721000000, 0x0000000721200000, 0x0000000721200000|100%| O|  |TAMS 0x0000000721200000, 0x0000000721000000| Untracked 
|   1|0x0000000721200000, 0x0000000721200000, 0x0000000721400000|  0%| F|  |TAMS 0x0000000721200000, 0x0000000721200000| Untracked 
|   2|0x0000000721400000, 0x0000000721600000, 0x0000000721600000|100%|HS|  |TAMS 0x0000000721600000, 0x0000000721400000| Complete 
|   3|0x0000000721600000, 0x0000000721800000, 0x0000000721800000|100%| O|  |TAMS 0x0000000721600000, 0x0000000721600000| Untracked 
|   4|0x0000000721800000, 0x0000000721a00000, 0x0000000721a00000|100%| O|  |TAMS 0x0000000721800000, 0x0000000721800000| Untracked 
|   5|0x0000000721a00000, 0x0000000721c00000, 0x0000000721c00000|100%| O|  |TAMS 0x0000000721a00000, 0x0000000721a00000| Untracked 
|   6|0x0000000721c00000, 0x0000000721e00000, 0x0000000721e00000|100%| O|  |TAMS 0x0000000721c00000, 0x0000000721c00000| Untracked 
|   7|0x0000000721e00000, 0x0000000722000000, 0x0000000722000000|100%| O|  |TAMS 0x0000000721e00000, 0x0000000721e00000| Untracked 
|   8|0x0000000722000000, 0x00000007221f2e00, 0x0000000722200000| 97%| O|  |TAMS 0x0000000722000000, 0x0000000722000000| Untracked 
|   9|0x0000000722200000, 0x0000000722200000, 0x0000000722400000|  0%| F|  |TAMS 0x0000000722200000, 0x0000000722200000| Untracked 
|  10|0x0000000722400000, 0x0000000722400000, 0x0000000722600000|  0%| F|  |TAMS 0x0000000722400000, 0x0000000722400000| Untracked 
|  11|0x0000000722600000, 0x0000000722600000, 0x0000000722800000|  0%| F|  |TAMS 0x0000000722600000, 0x0000000722600000| Untracked 
|  12|0x0000000722800000, 0x0000000722800000, 0x0000000722a00000|  0%| F|  |TAMS 0x0000000722800000, 0x0000000722800000| Untracked 
|  13|0x0000000722a00000, 0x0000000722a00000, 0x0000000722c00000|  0%| F|  |TAMS 0x0000000722a00000, 0x0000000722a00000| Untracked 
|  14|0x0000000722c00000, 0x0000000722e00000, 0x0000000722e00000|100%| S|CS|TAMS 0x0000000722c00000, 0x0000000722c00000| Complete 
|  15|0x0000000722e00000, 0x0000000723000000, 0x0000000723000000|100%| S|CS|TAMS 0x0000000722e00000, 0x0000000722e00000| Complete 
|  16|0x0000000723000000, 0x0000000723000000, 0x0000000723200000|  0%| F|  |TAMS 0x0000000723000000, 0x0000000723000000| Untracked 
|  17|0x0000000723200000, 0x0000000723200000, 0x0000000723400000|  0%| F|  |TAMS 0x0000000723200000, 0x0000000723200000| Untracked 
|  18|0x0000000723400000, 0x0000000723400000, 0x0000000723600000|  0%| F|  |TAMS 0x0000000723400000, 0x0000000723400000| Untracked 
|  19|0x0000000723600000, 0x0000000723600000, 0x0000000723800000|  0%| F|  |TAMS 0x0000000723600000, 0x0000000723600000| Untracked 
|  20|0x0000000723800000, 0x0000000723800000, 0x0000000723a00000|  0%| F|  |TAMS 0x0000000723800000, 0x0000000723800000| Untracked 
|  21|0x0000000723a00000, 0x0000000723a00000, 0x0000000723c00000|  0%| F|  |TAMS 0x0000000723a00000, 0x0000000723a00000| Untracked 
|  22|0x0000000723c00000, 0x0000000723c00000, 0x0000000723e00000|  0%| F|  |TAMS 0x0000000723c00000, 0x0000000723c00000| Untracked 
|  23|0x0000000723e00000, 0x0000000723e00000, 0x0000000724000000|  0%| F|  |TAMS 0x0000000723e00000, 0x0000000723e00000| Untracked 
|  49|0x0000000727200000, 0x000000072726bc10, 0x0000000727400000| 21%| E|  |TAMS 0x0000000727200000, 0x0000000727200000| Complete 
|  50|0x0000000727400000, 0x0000000727600000, 0x0000000727600000|100%| E|CS|TAMS 0x0000000727400000, 0x0000000727400000| Complete 
|  51|0x0000000727600000, 0x0000000727800000, 0x0000000727800000|100%| E|CS|TAMS 0x0000000727600000, 0x0000000727600000| Complete 
|  52|0x0000000727800000, 0x0000000727a00000, 0x0000000727a00000|100%| E|CS|TAMS 0x0000000727800000, 0x0000000727800000| Complete 
|  53|0x0000000727a00000, 0x0000000727c00000, 0x0000000727c00000|100%| E|CS|TAMS 0x0000000727a00000, 0x0000000727a00000| Complete 
| 111|0x000000072ee00000, 0x000000072f000000, 0x000000072f000000|100%| E|CS|TAMS 0x000000072ee00000, 0x000000072ee00000| Complete 

Card table byte_map: [0x000001f7fcdf0000,0x000001f7fd4f0000] _byte_map_base: 0x000001f7f94e8000

Marking Bits (Prev, Next): (CMBitMap*) 0x000001f7f4edf140, (CMBitMap*) 0x000001f7f4edf100
 Prev Bits: [0x000001f7927c0000, 0x000001f795f80000)
 Next Bits: [0x000001f78f000000, 0x000001f7927c0000)

Polling page: 0x000001f7f4670000

Metaspace:

Usage:
  Non-class:     27.62 MB used.
      Class:      4.14 MB used.
       Both:     31.76 MB used.

Virtual space:
  Non-class space:       32.00 MB reserved,      27.75 MB ( 87%) committed,  4 nodes.
      Class space:        1.00 GB reserved,       4.31 MB ( <1%) committed,  1 nodes.
             Both:        1.03 GB reserved,      32.06 MB (  3%) committed. 

Chunk freelists:
   Non-Class:  96.00 KB
       Class:  3.61 MB
        Both:  3.70 MB

MaxMetaspaceSize: unlimited
CompressedClassSpaceSize: 1.00 GB
Initial GC threshold: 21.00 MB
Current GC threshold: 35.12 MB
CDS: on
MetaspaceReclaimPolicy: balanced
 - commit_granule_bytes: 65536.
 - commit_granule_words: 8192.
 - virtual_space_node_default_size: 1048576.
 - enlarge_chunks_in_place: 1.
 - new_chunks_are_fully_committed: 0.
 - uncommit_free_chunks: 1.
 - use_allocation_guard: 0.
 - handle_deallocations: 1.


Internal statistics:

num_allocs_failed_limit: 3.
num_arena_births: 264.
num_arena_deaths: 0.
num_vsnodes_births: 5.
num_vsnodes_deaths: 0.
num_space_committed: 513.
num_space_uncommitted: 0.
num_chunks_returned_to_freelist: 3.
num_chunks_taken_from_freelist: 1156.
num_chunk_merges: 0.
num_chunk_splits: 788.
num_chunks_enlarged: 619.
num_purges: 0.
num_inconsistent_stats: 0.

CodeHeap 'non-profiled nmethods': size=120000Kb used=3281Kb max_used=3573Kb free=116718Kb
 bounds [0x000001f787ad0000, 0x000001f787e70000, 0x000001f78f000000]
CodeHeap 'profiled nmethods': size=120000Kb used=10805Kb max_used=12553Kb free=109194Kb
 bounds [0x000001f7805a0000, 0x000001f7811f0000, 0x000001f787ad0000]
CodeHeap 'non-nmethods': size=5760Kb used=1649Kb max_used=1741Kb free=4110Kb
 bounds [0x000001f780000000, 0x000001f780270000, 0x000001f7805a0000]
 total_blobs=6272 nmethods=5284 adapters=900
 compilation: enabled
              stopped_count=0, restarted_count=0
 full_count=0

Compilation events (20 events):
Event: 48.741 Thread 0x000001f79616b7b0 5949       3       com.sun.glass.ui.View::getHeight (8 bytes)
Event: 48.741 Thread 0x000001f7961015c0 5950       4       com.sun.javafx.geom.BoxBounds::flattenInto (46 bytes)
Event: 48.741 Thread 0x000001f79616b7b0 nmethod 5949 0x000001f780a91290 code [0x000001f780a91460, 0x000001f780a917b8]
Event: 48.742 Thread 0x000001f7961015c0 nmethod 5950 0x000001f787b29710 code [0x000001f787b29880, 0x000001f787b299d8]
Event: 48.744 Thread 0x000001f79616b7b0 5951       3       javafx.animation.Animation::doSetCurrentRate (32 bytes)
Event: 48.744 Thread 0x000001f79616b7b0 nmethod 5951 0x000001f780a3cf90 code [0x000001f780a3d1a0, 0x000001f780a3d7f8]
Event: 48.744 Thread 0x000001f79616b7b0 5952       3       javafx.animation.Animation::currentRateProperty (25 bytes)
Event: 48.745 Thread 0x000001f79616b7b0 nmethod 5952 0x000001f780a22090 code [0x000001f780a22260, 0x000001f780a22778]
Event: 48.784 Thread 0x000001f79616b7b0 5953       3       java.lang.invoke.VarHandleGuards::guard_LLL_Z (86 bytes)
Event: 48.785 Thread 0x000001f79616b7b0 nmethod 5953 0x000001f7805e8310 code [0x000001f7805e8680, 0x000001f7805ea668]
Event: 48.785 Thread 0x000001f79616b7b0 5955       3       java.util.stream.Sink$ChainedReference::begin (11 bytes)
Event: 48.786 Thread 0x000001f79616b7b0 nmethod 5955 0x000001f780aaf910 code [0x000001f780aafac0, 0x000001f780aafca8]
Event: 48.786 Thread 0x000001f79616b7b0 5954       3       java.lang.invoke.VarHandleReferences$FieldInstanceReadWrite::compareAndSet (48 bytes)
Event: 48.786 Thread 0x000001f79616b7b0 nmethod 5954 0x000001f780d14110 code [0x000001f780d143a0, 0x000001f780d14e68]
Event: 83.064 Thread 0x000001f7961015c0 5957       4       com.sun.javafx.tk.quantum.QuantumToolkit::postPulse (106 bytes)
Event: 83.072 Thread 0x000001f7961015c0 nmethod 5957 0x000001f787cf3510 code [0x000001f787cf36c0, 0x000001f787cf3998]
Event: 86.824 Thread 0x000001f7961015c0 5958       4       com.sun.javafx.tk.quantum.QuantumToolkit$$Lambda$69/0x0000000800c8b538::run (8 bytes)
Event: 86.831 Thread 0x000001f7961015c0 nmethod 5958 0x000001f787af7e90 code [0x000001f787af8060, 0x000001f787af8408]
Event: 92.773 Thread 0x000001f79616b7b0 5959       3       jdk.internal.module.Resources::toPackageName (39 bytes)
Event: 92.774 Thread 0x000001f79616b7b0 nmethod 5959 0x000001f780b0f310 code [0x000001f780b0f540, 0x000001f780b0fbd8]

GC Heap History (12 events):
Event: 0.589 GC heap before
{Heap before GC invocations=0 (full 0):
 garbage-first heap   total 229376K, used 10240K [0x0000000721000000, 0x0000000800000000)
  region size 2048K, 6 young (12288K), 0 survivors (0K)
 Metaspace       used 3780K, committed 3968K, reserved 1056768K
  class space    used 357K, committed 448K, reserved 1048576K
}
Event: 0.592 GC heap after
{Heap after GC invocations=1 (full 0):
 garbage-first heap   total 229376K, used 2496K [0x0000000721000000, 0x0000000800000000)
  region size 2048K, 1 young (2048K), 1 survivors (2048K)
 Metaspace       used 3780K, committed 3968K, reserved 1056768K
  class space    used 357K, committed 448K, reserved 1048576K
}
Event: 0.838 GC heap before
{Heap before GC invocations=1 (full 0):
 garbage-first heap   total 229376K, used 16832K [0x0000000721000000, 0x0000000800000000)
  region size 2048K, 8 young (16384K), 1 survivors (2048K)
 Metaspace       used 5869K, committed 6080K, reserved 1056768K
  class space    used 595K, committed 704K, reserved 1048576K
}
Event: 0.840 GC heap after
{Heap after GC invocations=2 (full 0):
 garbage-first heap   total 229376K, used 3436K [0x0000000721000000, 0x0000000800000000)
  region size 2048K, 1 young (2048K), 1 survivors (2048K)
 Metaspace       used 5869K, committed 6080K, reserved 1056768K
  class space    used 595K, committed 704K, reserved 1048576K
}
Event: 8.036 GC heap before
{Heap before GC invocations=2 (full 0):
 garbage-first heap   total 229376K, used 120172K [0x0000000721000000, 0x0000000800000000)
  region size 2048K, 58 young (118784K), 1 survivors (2048K)
 Metaspace       used 21282K, committed 21504K, reserved 1073152K
  class space    used 2829K, committed 2944K, reserved 1048576K
}
Event: 8.043 GC heap after
{Heap after GC invocations=3 (full 0):
 garbage-first heap   total 229376K, used 12957K [0x0000000721000000, 0x0000000800000000)
  region size 2048K, 5 young (10240K), 5 survivors (10240K)
 Metaspace       used 21282K, committed 21504K, reserved 1073152K
  class space    used 2829K, committed 2944K, reserved 1048576K
}
Event: 17.691 GC heap before
{Heap before GC invocations=4 (full 0):
 garbage-first heap   total 61440K, used 39581K [0x0000000721000000, 0x0000000800000000)
  region size 2048K, 18 young (36864K), 5 survivors (10240K)
 Metaspace       used 29328K, committed 29568K, reserved 1081344K
  class space    used 3860K, committed 3968K, reserved 1048576K
}
Event: 17.700 GC heap after
{Heap after GC invocations=5 (full 0):
 garbage-first heap   total 61440K, used 14997K [0x0000000721000000, 0x0000000800000000)
  region size 2048K, 2 young (4096K), 2 survivors (4096K)
 Metaspace       used 29328K, committed 29568K, reserved 1081344K
  class space    used 3860K, committed 3968K, reserved 1048576K
}
Event: 17.737 GC heap before
{Heap before GC invocations=5 (full 0):
 garbage-first heap   total 61440K, used 17045K [0x0000000721000000, 0x0000000800000000)
  region size 2048K, 3 young (6144K), 2 survivors (4096K)
 Metaspace       used 29574K, committed 29760K, reserved 1081344K
  class space    used 3897K, committed 3968K, reserved 1048576K
}
Event: 17.741 GC heap after
{Heap after GC invocations=6 (full 0):
 garbage-first heap   total 61440K, used 15607K [0x0000000721000000, 0x0000000800000000)
  region size 2048K, 1 young (2048K), 1 survivors (2048K)
 Metaspace       used 29574K, committed 29760K, reserved 1081344K
  class space    used 3897K, committed 3968K, reserved 1048576K
}
Event: 40.070 GC heap before
{Heap before GC invocations=6 (full 0):
 garbage-first heap   total 61440K, used 40183K [0x0000000721000000, 0x0000000800000000)
  region size 2048K, 14 young (28672K), 1 survivors (2048K)
 Metaspace       used 31962K, committed 32256K, reserved 1081344K
  class space    used 4237K, committed 4416K, reserved 1048576K
}
Event: 40.076 GC heap after
{Heap after GC invocations=7 (full 0):
 garbage-first heap   total 61440K, used 20427K [0x0000000721000000, 0x0000000800000000)
  region size 2048K, 2 young (4096K), 2 survivors (4096K)
 Metaspace       used 31962K, committed 32256K, reserved 1081344K
  class space    used 4237K, committed 4416K, reserved 1048576K
}

Deoptimization events (20 events):
Event: 41.801 Thread 0x000001f79782f1e0 Uncommon trap: trap_request=0xffffffbe fr.pc=0x000001f787e4397c relative=0x00000000000025fc
Event: 41.801 Thread 0x000001f79782f1e0 Uncommon trap: reason=profile_predicate action=maybe_recompile pc=0x000001f787e4397c method=javafx.scene.CssStyleHelper.transitionToState(Ljavafx/scene/Node;)V @ 282 c2
Event: 41.801 Thread 0x000001f79782f1e0 DEOPT PACKING pc=0x000001f787e4397c sp=0x00000017888fda20
Event: 41.801 Thread 0x000001f79782f1e0 DEOPT UNPACKING pc=0x000001f7800523a3 sp=0x00000017888fda58 mode 2
Event: 41.802 Thread 0x000001f79782f1e0 Uncommon trap: trap_request=0xffffffbe fr.pc=0x000001f787e4397c relative=0x00000000000025fc
Event: 41.803 Thread 0x000001f79782f1e0 Uncommon trap: reason=profile_predicate action=maybe_recompile pc=0x000001f787e4397c method=javafx.scene.CssStyleHelper.transitionToState(Ljavafx/scene/Node;)V @ 282 c2
Event: 41.803 Thread 0x000001f79782f1e0 DEOPT PACKING pc=0x000001f787e4397c sp=0x00000017888fda20
Event: 41.803 Thread 0x000001f79782f1e0 DEOPT UNPACKING pc=0x000001f7800523a3 sp=0x00000017888fda58 mode 2
Event: 41.883 Thread 0x000001f79782f1e0 Uncommon trap: trap_request=0xfffffff4 fr.pc=0x000001f787e0bc00 relative=0x0000000000002320
Event: 41.883 Thread 0x000001f79782f1e0 Uncommon trap: reason=null_check action=make_not_entrant pc=0x000001f787e0bc00 method=javafx.scene.Node$MiscProperties.getClip()Ljavafx/scene/Node; @ 20 c2
Event: 41.883 Thread 0x000001f79782f1e0 DEOPT PACKING pc=0x000001f787e0bc00 sp=0x00000017888fe2f0
Event: 41.883 Thread 0x000001f79782f1e0 DEOPT UNPACKING pc=0x000001f7800523a3 sp=0x00000017888fe250 mode 2
Event: 41.883 Thread 0x000001f79782f1e0 Uncommon trap: trap_request=0xfffffff4 fr.pc=0x000001f787d646ec relative=0x00000000000009ac
Event: 41.883 Thread 0x000001f79782f1e0 Uncommon trap: reason=null_check action=make_not_entrant pc=0x000001f787d646ec method=javafx.scene.Node$MiscProperties.getClip()Ljavafx/scene/Node; @ 20 c2
Event: 41.883 Thread 0x000001f79782f1e0 DEOPT PACKING pc=0x000001f787d646ec sp=0x00000017888fe0d0
Event: 41.883 Thread 0x000001f79782f1e0 DEOPT UNPACKING pc=0x000001f7800523a3 sp=0x00000017888fdfb8 mode 2
Event: 41.883 Thread 0x000001f79782f1e0 Uncommon trap: trap_request=0xfffffff4 fr.pc=0x000001f787cd57d4 relative=0x0000000000000134
Event: 41.883 Thread 0x000001f79782f1e0 Uncommon trap: reason=null_check action=make_not_entrant pc=0x000001f787cd57d4 method=javafx.scene.Node$MiscProperties.getClip()Ljavafx/scene/Node; @ 20 c2
Event: 41.883 Thread 0x000001f79782f1e0 DEOPT PACKING pc=0x000001f787cd57d4 sp=0x00000017888fe2f0
Event: 41.883 Thread 0x000001f79782f1e0 DEOPT UNPACKING pc=0x000001f7800523a3 sp=0x00000017888fe240 mode 2

Classes unloaded (0 events):
No events

Classes redefined (1 events):
Event: 103.840 Thread 0x000001f7960e8d80 redefined class name=com.projeto.sistemafarmacia.controllers.LancamentoDeVendasController, count=1

Internal exceptions (20 events):
Event: 8.053 Thread 0x000001f79782f1e0 Implicit null exception at 0x000001f787c4be09 to 0x000001f787c4ce70
Event: 8.063 Thread 0x000001f79782f1e0 Exception <a 'java/lang/ClassNotFoundException'{0x000000072eedf9b8}: sun/awt/resources/spi/awtProvider> (0x000000072eedf9b8) 
thrown [t:\workspace\open\src\hotspot\share\classfile\systemDictionary.cpp, line 256]
Event: 8.067 Thread 0x000001f79782f1e0 Exception <a 'java/io/FileNotFoundException'{0x000000072eee6068}> (0x000000072eee6068) 
thrown [t:\workspace\open\src\hotspot\share\prims\jni.cpp, line 516]
Event: 8.067 Thread 0x000001f79782f1e0 Exception <a 'java/io/FileNotFoundException'{0x000000072eee7b18}> (0x000000072eee7b18) 
thrown [t:\workspace\open\src\hotspot\share\prims\jni.cpp, line 516]
Event: 8.118 Thread 0x000001f79782f1e0 Exception <a 'java/lang/NoSuchMethodError'{0x0000000723f89750}: 'java.lang.Object java.lang.invoke.DirectMethodHandle$Holder.invokeStatic(java.lang.Object, int, java.lang.Object, java.lang.Object, java.lang.Object, java.lang.Object)'> (0x0000000723f89750) 
thrown [t:\workspace\open\src\hotspot\share\interpreter\linkResolver.cpp, line 766]
Event: 8.123 Thread 0x000001f79782f1e0 Exception <a 'java/lang/NoSuchMethodError'{0x0000000723faf6b0}: 'java.lang.Object java.lang.invoke.DirectMethodHandle$Holder.invokeStatic(java.lang.Object, int, java.lang.Object)'> (0x0000000723faf6b0) 
thrown [t:\workspace\open\src\hotspot\share\interpreter\linkResolver.cpp, line 766]
Event: 8.146 Thread 0x000001f79782f1e0 Exception <a 'java/lang/ClassNotFoundException'{0x0000000723c9afb0}: com/sun/swing/internal/plaf/metal/resources/spi/metalProvider> (0x0000000723c9afb0) 
thrown [t:\workspace\open\src\hotspot\share\classfile\systemDictionary.cpp, line 256]
Event: 8.147 Thread 0x000001f79782f1e0 Exception <a 'java/lang/ClassNotFoundException'{0x0000000723ca1ce0}: com/sun/swing/internal/plaf/basic/resources/spi/basicProvider> (0x0000000723ca1ce0) 
thrown [t:\workspace\open\src\hotspot\share\classfile\systemDictionary.cpp, line 256]
Event: 8.160 Thread 0x000001f797a1b2f0 Exception <a 'java/lang/NoSuchMethodError'{0x0000000723a13230}: 'java.lang.Object java.lang.invoke.DirectMethodHandle$Holder.newInvokeSpecial(java.lang.Object, java.lang.Object, java.lang.Object, int, int, int, int, int)'> (0x0000000723a13230) 
thrown [t:\workspace\open\src\hotspot\share\interpreter\linkResolver.cpp, line 766]
Event: 8.274 Thread 0x000001f797a1ae20 Exception <a 'java/lang/NoSuchMethodError'{0x0000000723f154a8}: 'void java.lang.invoke.DirectMethodHandle$Holder.invokeVirtual(java.lang.Object, java.lang.Object)'> (0x0000000723f154a8) 
thrown [t:\workspace\open\src\hotspot\share\interpreter\linkResolver.cpp, line 766]
Event: 8.328 Thread 0x000001f79782f1e0 Exception <a 'java/lang/NoSuchMethodError'{0x0000000723896f50}: 'int java.lang.invoke.DirectMethodHandle$Holder.invokeStatic(java.lang.Object)'> (0x0000000723896f50) 
thrown [t:\workspace\open\src\hotspot\share\interpreter\linkResolver.cpp, line 766]
Event: 9.135 Thread 0x000001f79782f1e0 Exception <a 'java/io/FileNotFoundException'{0x000000072370e9d0}> (0x000000072370e9d0) 
thrown [t:\workspace\open\src\hotspot\share\prims\jni.cpp, line 516]
Event: 17.746 Thread 0x000001f79782f1e0 Exception <a 'java/io/FileNotFoundException'{0x000000072ee250d0}> (0x000000072ee250d0) 
thrown [t:\workspace\open\src\hotspot\share\prims\jni.cpp, line 516]
Event: 17.797 Thread 0x000001f79782f1e0 Exception <a 'java/lang/NoSuchMethodError'{0x00000007279403f0}: 'void java.lang.invoke.DirectMethodHandle$Holder.invokeSpecialIFC(java.lang.Object, java.lang.Object, java.lang.Object, java.lang.Object)'> (0x00000007279403f0) 
thrown [t:\workspace\open\src\hotspot\share\interpreter\linkResolver.cpp, line 766]
Event: 17.838 Thread 0x000001f79782f1e0 Exception <a 'java/lang/NoSuchMethodError'{0x0000000727439c30}: 'int java.lang.invoke.DirectMethodHandle$Holder.invokeSpecial(java.lang.Object, java.lang.Object, int)'> (0x0000000727439c30) 
thrown [t:\workspace\open\src\hotspot\share\interpreter\linkResolver.cpp, line 766]
Event: 36.740 Thread 0x000001f79782f1e0 Exception <a 'java/lang/NoSuchMethodError'{0x000000072341f4d8}: 'int java.lang.invoke.DirectMethodHandle$Holder.invokeVirtual(java.lang.Object, java.lang.Object)'> (0x000000072341f4d8) 
thrown [t:\workspace\open\src\hotspot\share\interpreter\linkResolver.cpp, line 766]
Event: 36.741 Thread 0x000001f79782f1e0 Exception <a 'java/lang/NoSuchMethodError'{0x0000000723428998}: 'void java.lang.invoke.DirectMethodHandle$Holder.invokeVirtual(java.lang.Object, java.lang.Object, int)'> (0x0000000723428998) 
thrown [t:\workspace\open\src\hotspot\share\interpreter\linkResolver.cpp, line 766]
Event: 41.883 Thread 0x000001f79782f1e0 Implicit null exception at 0x000001f787e0997a to 0x000001f787e0bbec
Event: 41.883 Thread 0x000001f79782f1e0 Implicit null exception at 0x000001f787d6417e to 0x000001f787d646d8
Event: 41.883 Thread 0x000001f79782f1e0 Implicit null exception at 0x000001f787cd572d to 0x000001f787cd57c0

VM Operations (20 events):
Event: 83.930 Executing VM operation: get/set locals
Event: 83.931 Executing VM operation: get/set locals done
Event: 83.931 Executing VM operation: get/set locals
Event: 83.931 Executing VM operation: get/set locals done
Event: 83.931 Executing VM operation: get/set locals
Event: 83.931 Executing VM operation: get/set locals done
Event: 103.818 Executing VM operation: ChangeSingleStep
Event: 103.818 Executing VM operation: ChangeSingleStep done
Event: 103.818 Executing VM operation: ChangeSingleStep
Event: 103.818 Executing VM operation: ChangeSingleStep done
Event: 103.831 Executing VM operation: RedefineClasses
Event: 103.853 Executing VM operation: RedefineClasses done
Event: 103.866 Executing VM operation: ChangeBreakpoints
Event: 103.868 Executing VM operation: ChangeBreakpoints done
Event: 103.880 Executing VM operation: ChangeSingleStep
Event: 103.880 Executing VM operation: ChangeSingleStep done
Event: 103.880 Executing VM operation: get/set locals
Event: 103.880 Executing VM operation: get/set locals done
Event: 103.896 Executing VM operation: ChangeSingleStep
Event: 103.896 Executing VM operation: ChangeSingleStep done

Events (20 events):
Event: 41.888 Thread 0x000001f796c08070 flushing nmethod 0x000001f780dd6e90
Event: 41.888 Thread 0x000001f796c08070 flushing nmethod 0x000001f780de1f10
Event: 41.888 Thread 0x000001f796c08070 flushing nmethod 0x000001f780de2290
Event: 41.888 Thread 0x000001f796c08070 flushing nmethod 0x000001f780e04a10
Event: 41.889 Thread 0x000001f796c08070 flushing nmethod 0x000001f780e6df10
Event: 41.889 Thread 0x000001f796c08070 flushing nmethod 0x000001f780e97610
Event: 41.889 Thread 0x000001f796c08070 flushing nmethod 0x000001f780eb6e90
Event: 41.889 Thread 0x000001f796c08070 flushing nmethod 0x000001f780ed5210
Event: 41.889 Thread 0x000001f796c08070 flushing nmethod 0x000001f780edae10
Event: 41.889 Thread 0x000001f796c08070 flushing nmethod 0x000001f780f07a90
Event: 41.889 Thread 0x000001f796c08070 flushing nmethod 0x000001f780f0be10
Event: 41.889 Thread 0x000001f796c08070 flushing nmethod 0x000001f780f19990
Event: 41.889 Thread 0x000001f796c08070 flushing nmethod 0x000001f780f48010
Event: 41.889 Thread 0x000001f796c08070 flushing nmethod 0x000001f780f88490
Event: 41.889 Thread 0x000001f796c08070 flushing nmethod 0x000001f780f92310
Event: 41.889 Thread 0x000001f796c08070 flushing nmethod 0x000001f78101f110
Event: 41.890 Thread 0x000001f796c08070 flushing nmethod 0x000001f78108bf10
Event: 41.890 Thread 0x000001f796c08070 flushing nmethod 0x000001f78114be90
Event: 41.890 Thread 0x000001f796c08070 flushing nmethod 0x000001f78114c790
Event: 44.313 Thread 0x000001f7978526e0 Thread exited: 0x000001f7978526e0


Dynamic libraries:
0x00007ff700940000 - 0x00007ff700950000 	C:\Program Files\Java\jdk-17.0.2\bin\javaw.exe
0x00007ffe071f0000 - 0x00007ffe073e5000 	C:\Windows\SYSTEM32\ntdll.dll
0x00007ffe05c70000 - 0x00007ffe05d2e000 	C:\Windows\System32\KERNEL32.DLL
0x00007ffe04b40000 - 0x00007ffe04e08000 	C:\Windows\System32\KERNELBASE.dll
0x00007ffe04ed0000 - 0x00007ffe04fd0000 	C:\Windows\System32\ucrtbase.dll
0x00007ffdec0d0000 - 0x00007ffdec0e8000 	C:\Program Files\Java\jdk-17.0.2\bin\jli.dll
0x00007ffe05d30000 - 0x00007ffe05dde000 	C:\Windows\System32\ADVAPI32.dll
0x00007ffe06d70000 - 0x00007ffe06e0e000 	C:\Windows\System32\msvcrt.dll
0x00007ffe06fe0000 - 0x00007ffe0707c000 	C:\Windows\System32\sechost.dll
0x00007ffe07080000 - 0x00007ffe071a5000 	C:\Windows\System32\RPCRT4.dll
0x00007ffe06e10000 - 0x00007ffe06fb0000 	C:\Windows\System32\USER32.dll
0x00007ffe05100000 - 0x00007ffe05122000 	C:\Windows\System32\win32u.dll
0x00007ffe055a0000 - 0x00007ffe055cb000 	C:\Windows\System32\GDI32.dll
0x00007ffe05130000 - 0x00007ffe0523d000 	C:\Windows\System32\gdi32full.dll
0x00007ffe04fd0000 - 0x00007ffe0506d000 	C:\Windows\System32\msvcp_win.dll
0x00007ffdf5b00000 - 0x00007ffdf5d9a000 	C:\Windows\WinSxS\amd64_microsoft.windows.common-controls_6595b64144ccf1df_6.0.19041.1110_none_60b5254171f9507e\COMCTL32.dll
0x00007ffdfdcb0000 - 0x00007ffdfdcba000 	C:\Windows\SYSTEM32\VERSION.dll
0x00007ffdec050000 - 0x00007ffdec06a000 	C:\Program Files\Java\jdk-17.0.2\bin\VCRUNTIME140.dll
0x00007ffe06fb0000 - 0x00007ffe06fe0000 	C:\Windows\System32\IMM32.DLL
0x00007ffdef7e0000 - 0x00007ffdef7ec000 	C:\Program Files\Java\jdk-17.0.2\bin\vcruntime140_1.dll
0x00007ffdcdbe0000 - 0x00007ffdcdc6d000 	C:\Program Files\Java\jdk-17.0.2\bin\msvcp140.dll
0x00007ffdb2ea0000 - 0x00007ffdb3a61000 	C:\Program Files\Java\jdk-17.0.2\bin\server\jvm.dll
0x00007ffe06820000 - 0x00007ffe06828000 	C:\Windows\System32\PSAPI.DLL
0x00007ffdfc780000 - 0x00007ffdfc7a7000 	C:\Windows\SYSTEM32\WINMM.dll
0x00007ffdf60c0000 - 0x00007ffdf60c9000 	C:\Windows\SYSTEM32\WSOCK32.dll
0x00007ffe06d00000 - 0x00007ffe06d6b000 	C:\Windows\System32\WS2_32.dll
0x00007ffe02810000 - 0x00007ffe02822000 	C:\Windows\SYSTEM32\kernel.appcore.dll
0x00007ffdef190000 - 0x00007ffdef19a000 	C:\Program Files\Java\jdk-17.0.2\bin\jimage.dll
0x00007ffdf9b40000 - 0x00007ffdf9d24000 	C:\Windows\SYSTEM32\DBGHELP.DLL
0x00007ffdf60f0000 - 0x00007ffdf611c000 	C:\Windows\SYSTEM32\dbgcore.DLL
0x00007ffe05070000 - 0x00007ffe050f2000 	C:\Windows\System32\bcryptPrimitives.dll
0x00007ffde7a40000 - 0x00007ffde7a7b000 	C:\Program Files\Java\jdk-17.0.2\bin\jdwp.dll
0x00007ffdec0c0000 - 0x00007ffdec0ce000 	C:\Program Files\Java\jdk-17.0.2\bin\instrument.dll
0x00007ffde9b60000 - 0x00007ffde9b85000 	C:\Program Files\Java\jdk-17.0.2\bin\java.dll
0x00007ffdcd2e0000 - 0x00007ffdcd3b6000 	C:\Program Files\Java\jdk-17.0.2\bin\jsvml.dll
0x00007ffe060d0000 - 0x00007ffe06814000 	C:\Windows\System32\SHELL32.dll
0x00007ffe02a10000 - 0x00007ffe031a4000 	C:\Windows\SYSTEM32\windows.storage.dll
0x00007ffe05240000 - 0x00007ffe05595000 	C:\Windows\System32\combase.dll
0x00007ffe04280000 - 0x00007ffe042ae000 	C:\Windows\SYSTEM32\Wldp.dll
0x00007ffe06010000 - 0x00007ffe060bd000 	C:\Windows\System32\SHCORE.dll
0x00007ffe06b10000 - 0x00007ffe06b65000 	C:\Windows\System32\shlwapi.dll
0x00007ffe04840000 - 0x00007ffe0485f000 	C:\Windows\SYSTEM32\profapi.dll
0x00007ffdebbb0000 - 0x00007ffdebbbc000 	C:\Program Files\Java\jdk-17.0.2\bin\dt_socket.dll
0x00007ffe03cd0000 - 0x00007ffe03d0b000 	C:\Windows\SYSTEM32\IPHLPAPI.DLL
0x00007ffe03fe0000 - 0x00007ffe0404a000 	C:\Windows\system32\mswsock.dll
0x00007ffe03d10000 - 0x00007ffe03ddb000 	C:\Windows\SYSTEM32\DNSAPI.dll
0x00007ffe05b20000 - 0x00007ffe05b28000 	C:\Windows\System32\NSI.dll
0x00007ffdfa690000 - 0x00007ffdfa69a000 	C:\Windows\System32\rasadhlp.dll
0x00007ffdfa5b0000 - 0x00007ffdfa62f000 	C:\Windows\System32\fwpuclnt.dll
0x00007ffe04b10000 - 0x00007ffe04b37000 	C:\Windows\System32\bcrypt.dll
0x00007ffdeb140000 - 0x00007ffdeb158000 	C:\Program Files\Java\jdk-17.0.2\bin\zip.dll
0x00007ffdeae30000 - 0x00007ffdeae49000 	C:\Program Files\Java\jdk-17.0.2\bin\net.dll
0x00007ffdfa6d0000 - 0x00007ffdfa7dc000 	C:\Windows\SYSTEM32\WINHTTP.dll
0x00007ffde9990000 - 0x00007ffde99a6000 	C:\Program Files\Java\jdk-17.0.2\bin\nio.dll
0x00007ffdebba0000 - 0x00007ffdebbb0000 	C:\Program Files\Java\jdk-17.0.2\bin\verify.dll
0x000001f7962b0000 - 0x000001f7962b3000 	C:\Program Files\Java\jdk-17.0.2\bin\api-ms-win-core-console-l1-1-0.dll
0x000001f7962c0000 - 0x000001f7962c3000 	C:\Program Files\Java\jdk-17.0.2\bin\api-ms-win-core-datetime-l1-1-0.dll
0x000001f7962d0000 - 0x000001f7962d3000 	C:\Program Files\Java\jdk-17.0.2\bin\api-ms-win-core-debug-l1-1-0.dll
0x000001f7962e0000 - 0x000001f7962e3000 	C:\Program Files\Java\jdk-17.0.2\bin\api-ms-win-core-errorhandling-l1-1-0.dll
0x000001f7962f0000 - 0x000001f7962f4000 	C:\Program Files\Java\jdk-17.0.2\bin\api-ms-win-core-file-l1-1-0.dll
0x000001f796300000 - 0x000001f796303000 	C:\Program Files\Java\jdk-17.0.2\bin\api-ms-win-core-file-l1-2-0.dll
0x000001f796310000 - 0x000001f796313000 	C:\Program Files\Java\jdk-17.0.2\bin\api-ms-win-core-file-l2-1-0.dll
0x000001f796320000 - 0x000001f796323000 	C:\Program Files\Java\jdk-17.0.2\bin\api-ms-win-core-handle-l1-1-0.dll
0x000001f796330000 - 0x000001f796333000 	C:\Program Files\Java\jdk-17.0.2\bin\api-ms-win-core-heap-l1-1-0.dll
0x000001f796340000 - 0x000001f796343000 	C:\Program Files\Java\jdk-17.0.2\bin\api-ms-win-core-interlocked-l1-1-0.dll
0x000001f796350000 - 0x000001f796353000 	C:\Program Files\Java\jdk-17.0.2\bin\api-ms-win-core-libraryloader-l1-1-0.dll
0x000001f796360000 - 0x000001f796363000 	C:\Program Files\Java\jdk-17.0.2\bin\api-ms-win-core-localization-l1-2-0.dll
0x000001f796370000 - 0x000001f796373000 	C:\Program Files\Java\jdk-17.0.2\bin\api-ms-win-core-memory-l1-1-0.dll
0x000001f796380000 - 0x000001f796383000 	C:\Program Files\Java\jdk-17.0.2\bin\api-ms-win-core-namedpipe-l1-1-0.dll
0x000001f796390000 - 0x000001f796393000 	C:\Program Files\Java\jdk-17.0.2\bin\api-ms-win-core-processenvironment-l1-1-0.dll
0x000001f7963a0000 - 0x000001f7963a3000 	C:\Program Files\Java\jdk-17.0.2\bin\api-ms-win-core-processthreads-l1-1-0.dll
0x000001f7963b0000 - 0x000001f7963b3000 	C:\Program Files\Java\jdk-17.0.2\bin\api-ms-win-core-processthreads-l1-1-1.dll
0x000001f7963c0000 - 0x000001f7963c3000 	C:\Program Files\Java\jdk-17.0.2\bin\api-ms-win-core-profile-l1-1-0.dll
0x000001f7963d0000 - 0x000001f7963d3000 	C:\Program Files\Java\jdk-17.0.2\bin\api-ms-win-core-rtlsupport-l1-1-0.dll
0x000001f7963e0000 - 0x000001f7963e3000 	C:\Program Files\Java\jdk-17.0.2\bin\api-ms-win-core-string-l1-1-0.dll
0x000001f7963f0000 - 0x000001f7963f3000 	C:\Program Files\Java\jdk-17.0.2\bin\api-ms-win-core-synch-l1-1-0.dll
0x000001f797b40000 - 0x000001f797b43000 	C:\Program Files\Java\jdk-17.0.2\bin\api-ms-win-core-synch-l1-2-0.dll
0x000001f797b50000 - 0x000001f797b53000 	C:\Program Files\Java\jdk-17.0.2\bin\api-ms-win-core-sysinfo-l1-1-0.dll
0x000001f797b60000 - 0x000001f797b63000 	C:\Program Files\Java\jdk-17.0.2\bin\api-ms-win-core-timezone-l1-1-0.dll
0x000001f797b70000 - 0x000001f797b73000 	C:\Program Files\Java\jdk-17.0.2\bin\api-ms-win-core-util-l1-1-0.dll
0x000001f797b80000 - 0x000001f797b83000 	C:\Program Files\Java\jdk-17.0.2\bin\api-ms-win-crt-conio-l1-1-0.dll
0x000001f797b90000 - 0x000001f797b94000 	C:\Program Files\Java\jdk-17.0.2\bin\api-ms-win-crt-convert-l1-1-0.dll
0x000001f797ba0000 - 0x000001f797ba3000 	C:\Program Files\Java\jdk-17.0.2\bin\api-ms-win-crt-environment-l1-1-0.dll
0x000001f797bb0000 - 0x000001f797bb3000 	C:\Program Files\Java\jdk-17.0.2\bin\api-ms-win-crt-filesystem-l1-1-0.dll
0x000001f797bc0000 - 0x000001f797bc3000 	C:\Program Files\Java\jdk-17.0.2\bin\api-ms-win-crt-heap-l1-1-0.dll
0x000001f797bd0000 - 0x000001f797bd3000 	C:\Program Files\Java\jdk-17.0.2\bin\api-ms-win-crt-locale-l1-1-0.dll
0x000001f797be0000 - 0x000001f797be5000 	C:\Program Files\Java\jdk-17.0.2\bin\api-ms-win-crt-math-l1-1-0.dll
0x000001f797bf0000 - 0x000001f797bf5000 	C:\Program Files\Java\jdk-17.0.2\bin\api-ms-win-crt-multibyte-l1-1-0.dll
0x000001f797c00000 - 0x000001f797c10000 	C:\Program Files\Java\jdk-17.0.2\bin\api-ms-win-crt-private-l1-1-0.dll
0x000001f797c10000 - 0x000001f797c13000 	C:\Program Files\Java\jdk-17.0.2\bin\api-ms-win-crt-process-l1-1-0.dll
0x000001f797c20000 - 0x000001f797c24000 	C:\Program Files\Java\jdk-17.0.2\bin\api-ms-win-crt-runtime-l1-1-0.dll
0x000001f797c30000 - 0x000001f797c34000 	C:\Program Files\Java\jdk-17.0.2\bin\api-ms-win-crt-stdio-l1-1-0.dll
0x000001f797c40000 - 0x000001f797c44000 	C:\Program Files\Java\jdk-17.0.2\bin\api-ms-win-crt-string-l1-1-0.dll
0x000001f797c50000 - 0x000001f797c53000 	C:\Program Files\Java\jdk-17.0.2\bin\api-ms-win-crt-time-l1-1-0.dll
0x000001f797c60000 - 0x000001f797c63000 	C:\Program Files\Java\jdk-17.0.2\bin\api-ms-win-crt-utility-l1-1-0.dll
0x00007ffdcc810000 - 0x00007ffdcc90a000 	C:\Program Files\Java\jdk-17.0.2\bin\ucrtbase.dll
0x00007ffde3160000 - 0x00007ffde31ae000 	C:\Windows\System32\concrt140.dll
0x00007ffde68c0000 - 0x00007ffde68e3000 	C:\Users\jailt\.openjfx\cache\11\prism_d3d.dll
0x00007ffdd71e0000 - 0x00007ffdd73b0000 	C:\Windows\system32\d3d9.dll
0x00007ffe02520000 - 0x00007ffe0254f000 	C:\Windows\SYSTEM32\dwmapi.dll
0x00007ffe02330000 - 0x00007ffe023ce000 	C:\Windows\system32\uxtheme.dll
0x00007ffdfc7b0000 - 0x00007ffdfc968000 	C:\Windows\System32\DriverStore\FileRepository\u0371510.inf_amd64_8f8efd3b83a1e7e1\B371320\aticfx64.dll
0x00007ffde34f0000 - 0x00007ffde3524000 	C:\Windows\System32\DriverStore\FileRepository\u0371510.inf_amd64_8f8efd3b83a1e7e1\B371320\atiu9p64.dll
0x00007ffd9dc00000 - 0x00007ffd9e954000 	C:\Windows\System32\DriverStore\FileRepository\u0371510.inf_amd64_8f8efd3b83a1e7e1\B371320\atiumd64.dll
0x00007ffe06b70000 - 0x00007ffe06c9a000 	C:\Windows\System32\ole32.dll
0x0000000055030000 - 0x0000000055ea5000 	C:\Windows\System32\DriverStore\FileRepository\u0371510.inf_amd64_8f8efd3b83a1e7e1\B371320\atiumd6a.dll
0x00007ffe055d0000 - 0x00007ffe05a42000 	C:\Windows\System32\SETUPAPI.dll
0x00007ffe04e10000 - 0x00007ffe04e5e000 	C:\Windows\System32\cfgmgr32.dll
0x00007ffe04770000 - 0x00007ffe047bb000 	C:\Windows\SYSTEM32\POWRPROF.dll
0x00007ffe04750000 - 0x00007ffe04762000 	C:\Windows\SYSTEM32\UMPDC.dll
0x00007ffdfa6a0000 - 0x00007ffdfa6d0000 	C:\Windows\SYSTEM32\amdihk64.dll
0x00007ffde22d0000 - 0x00007ffde2315000 	C:\Users\jailt\.openjfx\cache\11\glass.dll
0x00007ffe05b30000 - 0x00007ffe05c0a000 	C:\Windows\System32\COMDLG32.dll
0x00007ffe05a50000 - 0x00007ffe05b1d000 	C:\Windows\System32\OLEAUT32.dll
0x00007ffe06920000 - 0x00007ffe06a36000 	C:\Windows\System32\MSCTF.dll
0x00007ffdffd80000 - 0x00007ffdffdbb000 	C:\Windows\SYSTEM32\dxcore.dll
0x00007ffde6ee0000 - 0x00007ffde6ef4000 	C:\Users\jailt\.openjfx\cache\11\javafx_font.dll
0x00007ffdef810000 - 0x00007ffdefa93000 	C:\Windows\SYSTEM32\dwrite.dll
0x00007ffe06a40000 - 0x00007ffe06ae9000 	C:\Windows\System32\clbcatq.dll
0x00007ffdfe580000 - 0x00007ffdfe734000 	C:\Windows\SYSTEM32\WindowsCodecs.dll
0x00007ffdef460000 - 0x00007ffdef49e000 	C:\Windows\system32\dataexchange.dll
0x00007ffe00a90000 - 0x00007ffe00cf4000 	C:\Windows\system32\d3d11.dll
0x00007ffe01560000 - 0x00007ffe01745000 	C:\Windows\system32\dcomp.dll
0x00007ffe031f0000 - 0x00007ffe032e4000 	C:\Windows\system32\dxgi.dll
0x00007ffdfe7f0000 - 0x00007ffdfe9f1000 	C:\Windows\system32\twinapi.appcore.dll
0x00007ffde2750000 - 0x00007ffde2784000 	C:\Program Files\Common Files\Microsoft Shared\Ink\rtscom.dll
0x00007ffdefaa0000 - 0x00007ffdefb99000 	C:\Windows\SYSTEM32\textinputframework.dll
0x00007ffe01ad0000 - 0x00007ffe01e2e000 	C:\Windows\System32\CoreUIComponents.dll

dbghelp: loaded successfully - version: 4.0.5 - missing functions: none
symbol engine: initialized successfully - sym options: 0x614 - pdb path: .;C:\Program Files\Java\jdk-17.0.2\bin;C:\Windows\SYSTEM32;C:\Windows\WinSxS\amd64_microsoft.windows.common-controls_6595b64144ccf1df_6.0.19041.1110_none_60b5254171f9507e;C:\Program Files\Java\jdk-17.0.2\bin\server;C:\Users\jailt\.openjfx\cache\11;C:\Windows\System32\DriverStore\FileRepository\u0371510.inf_amd64_8f8efd3b83a1e7e1\B371320;C:\Program Files\Common Files\Microsoft Shared\Ink

VM Arguments:
jvm_args: -XX:+ShowCodeDetailsInExceptionMessages -agentlib:jdwp=transport=dt_socket,suspend=y,address=localhost:54407 -javaagent:C:\Users\jailt\eclipse\jee-2021-12\eclipse\configuration\org.eclipse.osgi\421\0\.cp\lib\javaagent-shaded.jar -Dfile.encoding=UTF-8 
java_command: com.projeto.sistemafarmacia.Main
java_class_path (initial): C:\Users\jailt\Documents\GitHub\MeusProjetos\Sistema-De-Vendas-Farmacia\sistemafarmacia\target\classes;C:\Users\jailt\.m2\repository\mysql\mysql-connector-java\8.0.27\mysql-connector-java-8.0.27.jar;C:\Users\jailt\.m2\repository\com\google\protobuf\protobuf-java\3.11.4\protobuf-java-3.11.4.jar;C:\Users\jailt\.m2\repository\javax\xml\bind\jaxb-api\2.2.11\jaxb-api-2.2.11.jar;C:\Users\jailt\.m2\repository\com\jfoenix\jfoenix\9.0.1\jfoenix-9.0.1.jar;C:\Users\jailt\.m2\repository\org\openjfx\javafx-controls\11\javafx-controls-11.jar;C:\Users\jailt\.m2\repository\org\openjfx\javafx-controls\11\javafx-controls-11-win.jar;C:\Users\jailt\.m2\repository\org\openjfx\javafx-graphics\11\javafx-graphics-11.jar;C:\Users\jailt\.m2\repository\org\openjfx\javafx-graphics\11\javafx-graphics-11-win.jar;C:\Users\jailt\.m2\repository\org\openjfx\javafx-base\11\javafx-base-11.jar;C:\Users\jailt\.m2\repository\org\openjfx\javafx-base\11\javafx-base-11-win.jar;C:\Users\jailt\.m2\repository\org\openjfx\javafx-fxml\11\javafx-fxml-11.jar;C:\Users\jailt\.m2\repository\org\openjfx\javafx-fxml\11\javafx-fxml-11-win.jar;C:\Users\jailt\.m2\repository\org\apache\commons\commons-lang3\3.12.0\commons-lang3-3.12.0.jar
Launcher Type: SUN_STANDARD

[Global flags]
     intx CICompilerCount                          = 3                                         {product} {ergonomic}
     uint ConcGCThreads                            = 1                                         {product} {ergonomic}
     uint G1ConcRefinementThreads                  = 4                                         {product} {ergonomic}
   size_t G1HeapRegionSize                         = 2097152                                   {product} {ergonomic}
    uintx GCDrainStackTargetSize                   = 64                                        {product} {ergonomic}
   size_t InitialHeapSize                          = 234881024                                 {product} {ergonomic}
   size_t MarkStackSize                            = 4194304                                   {product} {ergonomic}
   size_t MaxHeapSize                              = 3741319168                                {product} {ergonomic}
   size_t MaxNewSize                               = 2243952640                                {product} {ergonomic}
   size_t MinHeapDeltaBytes                        = 2097152                                   {product} {ergonomic}
   size_t MinHeapSize                              = 8388608                                   {product} {ergonomic}
    uintx NonNMethodCodeHeapSize                   = 5832780                                {pd product} {ergonomic}
    uintx NonProfiledCodeHeapSize                  = 122912730                              {pd product} {ergonomic}
    uintx ProfiledCodeHeapSize                     = 122912730                              {pd product} {ergonomic}
    uintx ReservedCodeCacheSize                    = 251658240                              {pd product} {ergonomic}
     bool SegmentedCodeCache                       = true                                      {product} {ergonomic}
     bool ShowCodeDetailsInExceptionMessages       = true                                   {manageable} {command line}
   size_t SoftMaxHeapSize                          = 3741319168                             {manageable} {ergonomic}
     bool UseCompressedClassPointers               = true                           {product lp64_product} {ergonomic}
     bool UseCompressedOops                        = true                           {product lp64_product} {ergonomic}
     bool UseG1GC                                  = true                                      {product} {ergonomic}
     bool UseLargePagesIndividualAllocation        = false                                  {pd product} {ergonomic}

Logging:
Log output configuration:
 #0: stdout all=warning uptime,level,tags
 #1: stderr all=off uptime,level,tags

Environment Variables:
JAVA_HOME=C:\Program Files\Java\jdk-11.0.13
PATH=C:/Program Files/Java/jdk-11.0.13/bin/server;C:/Program Files/Java/jdk-11.0.13/bin;C:\Program Files\Common Files\Oracle\Java\javapath;C:\ProgramData\Oracle\Java\javapath;C:\Windows\system32;C:\Windows;C:\Windows\System32\Wbem;C:\Windows\System32\WindowsPowerShell\v1.0\;C:\Windows\System32\OpenSSH\;C:\Program Files\dotnet\;C:\Program Files\Microsoft SQL Server\Client SDK\ODBC\170\Tools\Binn\;C:\Program Files\Git\cmd;C:\Program Files (x86)\dotnet\;C:\Program Files\Java\jdk-11.0.13\bin;C:\Program Files\nodejs\;C:\Users\jailt\AppData\Local\Programs\Python\Python39\Scripts\;C:\Users\jailt\AppData\Local\Programs\Python\Python39\;C:\Python39\Scripts\;C:\Python39\;C:\Users\jailt\AppData\Local\Microsoft\WindowsApps;C:\Users\jailt\.dotnet\tools;C:\Users\jailt\AppData\Local\Programs\Microsoft VS Code\bin;C:\Users\jailt\AppData\Local\GitHubDesktop\bin;C:\Program Files\JetBrains\IntelliJ IDEA Community Edition 2021.2.2\bin;;C:\php-8.1.2;C:\apache-maven-3.8.4\bin;C:\Users\jailt\AppData\Roaming\npm;C:\Windows\System32;
USERNAME=Jailton
OS=Windows_NT
PROCESSOR_IDENTIFIER=AMD64 Family 23 Model 24 Stepping 1, AuthenticAMD



---------------  S Y S T E M  ---------------

OS:
 Windows 10 , 64 bit Build 19041 (10.0.19041.1503)
OS uptime: 6 days 6:21 hours

CPU: total 4 (initial active 4) (4 cores per cpu, 1 threads per core) family 23 model 24 stepping 1 microcode 0x0, cx8, cmov, fxsr, mmx, 3dnowpref, sse, sse2, sse3, ssse3, sse4a, sse4.1, sse4.2, popcnt, lzcnt, tsc, tscinvbit, avx, avx2, aes, clmul, bmi1, bmi2, adx, sha, fma, vzeroupper, clflush, clflushopt

Memory: 4k page, system-wide physical 14267M (8632M free)
TotalPageFile size 16443M (AvailPageFile size 5268M)
current process WorkingSet (physical memory assigned to process): 213M, peak: 276M
current process commit charge ("private bytes"): 304M, peak: 453M

vm_info: Java HotSpot(TM) 64-Bit Server VM (17.0.2+8-LTS-86) for windows-amd64 JRE (17.0.2+8-LTS-86), built on Dec  7 2021 21:51:03 by "mach5one" with MS VC++ 16.8 / 16.9 (VS2019)

END.
